  CollisionDetection.cpp
C:\Users\10216\Desktop\8503_Release__2021\8503 Release  2021\CSC8503\CSC8503Common\CollisionDetection.h(44,1): warning C4293: “<<”: Shift 计数为负或过大，其行为未定义
C:\Users\10216\Desktop\8503_Release__2021\8503 Release  2021\CSC8503\CSC8503Common\CollisionDetection.h(45,1): warning C4293: “<<”: Shift 计数为负或过大，其行为未定义
C:\Users\10216\Desktop\8503_Release__2021\8503 Release  2021\Common\Keyboard.h(1,1): warning C4819: 该文件包含不能在当前代码页(936)中表示的字符。请将该文件保存为 Unicode 格式以防止数据丢失
  Debug.cpp
C:\Users\10216\Desktop\8503_Release__2021\8503 Release  2021\Common\Keyboard.h(1,1): warning C4819: 该文件包含不能在当前代码页(936)中表示的字符。请将该文件保存为 Unicode 格式以防止数据丢失
C:\Users\10216\Desktop\8503_Release__2021\8503 Release  2021\CSC8503\CSC8503Common\Debug.cpp(67,20): warning C4018: “<”: 有符号/无符号不匹配
C:\Users\10216\Desktop\8503_Release__2021\8503 Release  2021\CSC8503\CSC8503Common\Debug.cpp(78,16): warning C4018: “>=”: 有符号/无符号不匹配
  GameObject.cpp
C:\Users\10216\Desktop\8503_Release__2021\8503 Release  2021\CSC8503\CSC8503Common\CollisionDetection.h(44,1): warning C4293: “<<”: Shift 计数为负或过大，其行为未定义
C:\Users\10216\Desktop\8503_Release__2021\8503 Release  2021\CSC8503\CSC8503Common\CollisionDetection.h(45,1): warning C4293: “<<”: Shift 计数为负或过大，其行为未定义
  GameWorld.cpp
C:\Users\10216\Desktop\8503_Release__2021\8503 Release  2021\CSC8503\CSC8503Common\CollisionDetection.h(44,1): warning C4293: “<<”: Shift 计数为负或过大，其行为未定义
C:\Users\10216\Desktop\8503_Release__2021\8503 Release  2021\CSC8503\CSC8503Common\CollisionDetection.h(45,1): warning C4293: “<<”: Shift 计数为负或过大，其行为未定义
C:\Users\10216\Desktop\8503_Release__2021\8503 Release  2021\Common\Keyboard.h(1,1): warning C4819: 该文件包含不能在当前代码页(936)中表示的字符。请将该文件保存为 Unicode 格式以防止数据丢失
  NavigationGrid.cpp
  NavigationMesh.cpp
  PhysicsObject.cpp
C:\Users\10216\Desktop\8503_Release__2021\8503 Release  2021\CSC8503\CSC8503Common\CollisionDetection.h(44,1): warning C4293: “<<”: Shift 计数为负或过大，其行为未定义
C:\Users\10216\Desktop\8503_Release__2021\8503 Release  2021\CSC8503\CSC8503Common\CollisionDetection.h(45,1): warning C4293: “<<”: Shift 计数为负或过大，其行为未定义
C:\Users\10216\Desktop\8503_Release__2021\8503 Release  2021\Common\Keyboard.h(1,1): warning C4819: 该文件包含不能在当前代码页(936)中表示的字符。请将该文件保存为 Unicode 格式以防止数据丢失
  PhysicsSystem.cpp
C:\Users\10216\Desktop\8503_Release__2021\8503 Release  2021\CSC8503\CSC8503Common\CollisionDetection.h(44,1): warning C4293: “<<”: Shift 计数为负或过大，其行为未定义
C:\Users\10216\Desktop\8503_Release__2021\8503 Release  2021\CSC8503\CSC8503Common\CollisionDetection.h(45,1): warning C4293: “<<”: Shift 计数为负或过大，其行为未定义
C:\Users\10216\Desktop\8503_Release__2021\8503 Release  2021\Common\Keyboard.h(1,1): warning C4819: 该文件包含不能在当前代码页(936)中表示的字符。请将该文件保存为 Unicode 格式以防止数据丢失
  PositionConstraint.cpp
  PushdownMachine.cpp
  PushdownState.cpp
  QuadTree.cpp
C:\Users\10216\Desktop\8503_Release__2021\8503 Release  2021\CSC8503\CSC8503Common\CollisionDetection.h(44,1): warning C4293: “<<”: Shift 计数为负或过大，其行为未定义
C:\Users\10216\Desktop\8503_Release__2021\8503 Release  2021\CSC8503\CSC8503Common\CollisionDetection.h(45,1): warning C4293: “<<”: Shift 计数为负或过大，其行为未定义
C:\Users\10216\Desktop\8503_Release__2021\8503 Release  2021\Common\Keyboard.h(1,1): warning C4819: 该文件包含不能在当前代码页(936)中表示的字符。请将该文件保存为 Unicode 格式以防止数据丢失
  RenderObject.cpp
  StateMachine.cpp
  StateTransition.cpp
  Transform.cpp
  正在生成代码...
  CSC8503Common.vcxproj -> C:\Users\10216\Desktop\8503_Release__2021\8503 Release  2021\Win32\Debug\CSC8503Common.lib
