  elevator.cpp
C:\Users\10216\Desktop\8503_Release__2021\8503 Release  2021\CSC8503\CSC8503Common\CollisionDetection.h(44,1): warning C4293: “<<”: Shift 计数为负或过大，其行为未定义
C:\Users\10216\Desktop\8503_Release__2021\8503 Release  2021\CSC8503\CSC8503Common\CollisionDetection.h(45,1): warning C4293: “<<”: Shift 计数为负或过大，其行为未定义
C:\Users\10216\Desktop\8503_Release__2021\8503 Release  2021\Common\Keyboard.h(1,1): warning C4819: 该文件包含不能在当前代码页(936)中表示的字符。请将该文件保存为 Unicode 格式以防止数据丢失
  Enemy.cpp
C:\Users\10216\Desktop\8503_Release__2021\8503 Release  2021\CSC8503\CSC8503Common\CollisionDetection.h(44,1): warning C4293: “<<”: Shift 计数为负或过大，其行为未定义
C:\Users\10216\Desktop\8503_Release__2021\8503 Release  2021\CSC8503\CSC8503Common\CollisionDetection.h(45,1): warning C4293: “<<”: Shift 计数为负或过大，其行为未定义
C:\Users\10216\Desktop\8503_Release__2021\8503 Release  2021\Common\Keyboard.h(1,1): warning C4819: 该文件包含不能在当前代码页(936)中表示的字符。请将该文件保存为 Unicode 格式以防止数据丢失
C:\Users\10216\Desktop\8503_Release__2021\8503 Release  2021\CSC8503\GameTech\Enemy.cpp(115,20): warning C4018: “<”: 有符号/无符号不匹配
  GameTechRenderer.cpp
C:\Users\10216\Desktop\8503_Release__2021\8503 Release  2021\Common\Keyboard.h(1,1): warning C4819: 该文件包含不能在当前代码页(936)中表示的字符。请将该文件保存为 Unicode 格式以防止数据丢失
C:\Users\10216\Desktop\8503_Release__2021\8503 Release  2021\CSC8503\CSC8503Common\CollisionDetection.h(44,1): warning C4293: “<<”: Shift 计数为负或过大，其行为未定义
C:\Users\10216\Desktop\8503_Release__2021\8503 Release  2021\CSC8503\CSC8503Common\CollisionDetection.h(45,1): warning C4293: “<<”: Shift 计数为负或过大，其行为未定义
  Main.cpp
C:\Users\10216\Desktop\8503_Release__2021\8503 Release  2021\Common\Keyboard.h(1,1): warning C4819: 该文件包含不能在当前代码页(936)中表示的字符。请将该文件保存为 Unicode 格式以防止数据丢失
C:\Users\10216\Desktop\8503_Release__2021\8503 Release  2021\CSC8503\CSC8503Common\CollisionDetection.h(44,1): warning C4293: “<<”: Shift 计数为负或过大，其行为未定义
C:\Users\10216\Desktop\8503_Release__2021\8503 Release  2021\CSC8503\CSC8503Common\CollisionDetection.h(45,1): warning C4293: “<<”: Shift 计数为负或过大，其行为未定义
C:\Users\10216\Desktop\8503_Release__2021\8503 Release  2021\CSC8503\GameTech\Main.cpp(41,28): warning C4244: “=”: 从“int”转换到“float”，可能丢失数据
C:\Users\10216\Desktop\8503_Release__2021\8503 Release  2021\CSC8503\GameTech\Main.cpp(61,28): warning C4244: “=”: 从“int”转换到“float”，可能丢失数据
C:\Users\10216\Desktop\8503_Release__2021\8503 Release  2021\CSC8503\GameTech\Main.cpp(147,29): warning C4244: “=”: 从“int”转换到“float”，可能丢失数据
C:\Users\10216\Desktop\8503_Release__2021\8503 Release  2021\CSC8503\GameTech\Main.cpp(215,20): warning C4018: “<”: 有符号/无符号不匹配
C:\Users\10216\Desktop\8503_Release__2021\8503 Release  2021\CSC8503\GameTech\Main.cpp(254,1): warning C4554: “&”: 检查运算符优先级是否存在的可能的错误；使用括号阐明优先级
C:\Users\10216\Desktop\8503_Release__2021\8503 Release  2021\CSC8503\GameTech\Main.cpp(310,12): warning C4244: “参数”: 从“time_t”转换到“unsigned int”，可能丢失数据
  SpinWall.cpp
C:\Users\10216\Desktop\8503_Release__2021\8503 Release  2021\CSC8503\CSC8503Common\CollisionDetection.h(44,1): warning C4293: “<<”: Shift 计数为负或过大，其行为未定义
C:\Users\10216\Desktop\8503_Release__2021\8503 Release  2021\CSC8503\CSC8503Common\CollisionDetection.h(45,1): warning C4293: “<<”: Shift 计数为负或过大，其行为未定义
  StateGameObject.cpp
  TutorialGame.cpp
C:\Users\10216\Desktop\8503_Release__2021\8503 Release  2021\Common\Keyboard.h(1,1): warning C4819: 该文件包含不能在当前代码页(936)中表示的字符。请将该文件保存为 Unicode 格式以防止数据丢失
C:\Users\10216\Desktop\8503_Release__2021\8503 Release  2021\CSC8503\CSC8503Common\CollisionDetection.h(44,1): warning C4293: “<<”: Shift 计数为负或过大，其行为未定义
C:\Users\10216\Desktop\8503_Release__2021\8503 Release  2021\CSC8503\CSC8503Common\CollisionDetection.h(45,1): warning C4293: “<<”: Shift 计数为负或过大，其行为未定义
  正在生成代码...
  GameTech.vcxproj -> C:\Users\10216\Desktop\8503_Release__2021\8503 Release  2021\Win32\Debug\GameTech.exe
